<?xml version="1.0" encoding="UTF-8"?>
<testsuite xmlns:xsi="http://www.w3.org/2001/XMLSchema-instance" xsi:noNamespaceSchemaLocation="https://maven.apache.org/surefire/maven-surefire-plugin/xsd/surefire-test-report.xsd" name="sistematizacao.vvs.AppTest" time="0.033" tests="6" errors="0" skipped="0" failures="0">
  <properties>
[...]
</properties>
  <testcase name="testSomaErrado" classname="sistematizacao.vvs.AppTest" time="0.003"/>
  <testcase name="testInverteNumeroGrande" classname="sistematizacao.vvs.AppTest" time="0"/>
  <testcase name="testSoma" classname="sistematizacao.vvs.AppTest" time="0"/>
  <testcase name="testInverteNumero" classname="sistematizacao.vvs.AppTest" time="0"/>
  <testcase name="testFatorialDeUm" classname="sistematizacao.vvs.AppTest" time="0"/>
  <testcase name="testFatorial" classname="sistematizacao.vvs.AppTest" time="0"/>
</testsuite>